[2025-09-16 20:53:12] INFO: Connected to Mongo Database
[2025-09-16 20:55:59] INFO: Connected to Mongo Database
[2025-09-16 21:03:29] INFO: Connected to Mongo Database
[2025-09-16 21:03:35] INFO: Connected to Mongo Database
[2025-09-16 21:03:45] INFO: Connected to Mongo Database
[2025-09-16 21:03:52] INFO: Connected to Mongo Database
[2025-09-16 21:32:54] INFO: Connected to Mongo Database
[2025-09-17 14:07:08] INFO: Connected to Mongo Database
[2025-09-17 14:09:38] INFO: Connected to Mongo Database
[2025-09-17 14:09:41] INFO: Connected to Mongo Database
[2025-09-17 14:09:43] INFO: Connected to Mongo Database
[2025-09-17 14:09:46] INFO: Connected to Mongo Database
[2025-09-17 14:09:53] INFO: Connected to Mongo Database
[2025-09-17 14:10:03] INFO: Connected to Mongo Database
[2025-09-17 14:10:09] INFO: Connected to Mongo Database
[2025-09-17 14:10:11] INFO: Connected to Mongo Database
[2025-09-17 14:10:13] INFO: Connected to Mongo Database
[2025-09-17 14:10:27] INFO: Connected to Mongo Database
[2025-09-17 14:12:57] INFO: Connected to Mongo Database
[2025-09-17 14:13:31] INFO: Connected to Mongo Database
[2025-09-17 14:13:36] INFO: Connected to Mongo Database
[2025-09-17 14:13:45] INFO: Connected to Mongo Database
[2025-09-17 14:14:03] INFO: Connected to Mongo Database
[2025-09-17 14:18:13] INFO: Connected to Mongo Database
[2025-09-17 14:18:15] INFO: Connected to Mongo Database
[2025-09-17 14:18:18] INFO: Connected to Mongo Database
[2025-09-17 14:18:20] INFO: Connected to Mongo Database
[2025-09-17 14:21:55] INFO: Connected to Mongo Database
[2025-09-17 14:23:30] INFO: Connected to Mongo Database
[2025-09-17 14:23:36] INFO: Connected to Mongo Database
[2025-09-18 12:55:35] ERROR: Error while connection to the database
[2025-09-18 12:55:53] INFO: Connected to Mongo Database
[2025-09-18 13:08:47] INFO: Connected to Mongo Database
[2025-09-18 13:09:36] INFO: Connected to Mongo Database
[2025-09-18 13:09:37] INFO: Connected to Mongo Database
[2025-09-18 13:10:32] INFO: Connected to Mongo Database
[2025-09-18 13:10:40] INFO: Connected to Mongo Database
[2025-09-18 13:11:39] INFO: Connected to Mongo Database
[2025-09-18 13:12:45] INFO: Connected to Mongo Database
[2025-09-18 13:12:47] INFO: Connected to Mongo Database
[2025-09-18 13:13:23] INFO: Connected to Mongo Database
[2025-09-18 13:13:28] INFO: Connected to Mongo Database
[2025-09-18 13:14:45] INFO: Connected to Mongo Database
[2025-09-18 13:16:25] INFO: Connected to Mongo Database
[2025-09-18 13:16:49] INFO: Connected to Mongo Database
[2025-09-18 13:16:54] INFO: Connected to Mongo Database
[2025-09-18 13:26:24] INFO: Connected to Mongo Database
[2025-09-18 13:26:39] INFO: Connected to Mongo Database
[2025-09-18 13:26:41] INFO: Connected to Mongo Database
[2025-09-18 13:26:44] INFO: Connected to Mongo Database
[2025-09-18 13:26:48] INFO: Connected to Mongo Database
[2025-09-18 13:26:51] INFO: Connected to Mongo Database
[2025-09-18 13:27:11] INFO: Connected to Mongo Database
[2025-09-18 13:27:13] INFO: Connected to Mongo Database
[2025-09-18 13:27:18] INFO: Connected to Mongo Database
[2025-09-18 13:27:20] INFO: Connected to Mongo Database
[2025-09-18 13:27:26] INFO: Connected to Mongo Database
[2025-09-18 13:28:07] INFO: Connected to Mongo Database
[2025-09-18 13:28:08] INFO: Connected to Mongo Database
[2025-09-18 13:28:12] INFO: Connected to Mongo Database
[2025-09-18 13:28:18] INFO: Connected to Mongo Database
[2025-09-18 13:30:02] INFO: Connected to Mongo Database
[2025-09-18 13:30:05] INFO: Connected to Mongo Database
[2025-09-18 13:30:17] INFO: Connected to Mongo Database
[2025-09-18 13:40:58] INFO: Connected to Mongo Database
[2025-09-18 13:41:01] INFO: Parsing the user agent object
[2025-09-18 13:41:01] INFO: URL analytics saved
[2025-09-18 13:41:01] INFO: Redirecting into original URL https://www.google.com/search?q=hi
[2025-09-18 13:48:33] INFO: Connected to Mongo Database
[2025-09-18 14:10:34] INFO: Connected to Mongo Database
[2025-09-18 14:10:39] INFO: Connected to Mongo Database
[2025-09-18 14:10:44] INFO: Connected to Mongo Database
[2025-09-18 14:11:18] INFO: Connected to Mongo Database
[2025-09-18 14:11:19] INFO: HAshing user password
[2025-09-18 14:11:36] INFO: Connected to Mongo Database
[2025-09-18 14:11:37] INFO: HAshing user password
[2025-09-18 14:11:40] INFO: Connected to Mongo Database
[2025-09-18 14:11:45] INFO: Connected to Mongo Database
[2025-09-18 14:12:16] INFO: Connected to Mongo Database
[2025-09-18 14:12:50] INFO: HAshing user password
[2025-09-18 14:13:22] INFO: HAshing user password
[2025-09-18 14:13:32] INFO: Connected to Mongo Database
[2025-09-18 14:13:35] INFO: Connected to Mongo Database
[2025-09-18 14:13:38] INFO: Connected to Mongo Database
[2025-09-18 14:13:53] INFO: Connected to Mongo Database
[2025-09-18 14:13:55] INFO: Connected to Mongo Database
[2025-09-18 14:13:58] INFO: Connected to Mongo Database
[2025-09-18 14:14:10] INFO: Connected to Mongo Database
[2025-09-18 14:14:18] INFO: Connected to Mongo Database
[2025-09-18 14:14:21] INFO: Connected to Mongo Database
[2025-09-18 14:14:22] INFO: Connected to Mongo Database
[2025-09-18 14:14:38] INFO: Connected to Mongo Database
[2025-09-18 14:14:43] INFO: Connected to Mongo Database
[2025-09-18 14:14:48] INFO: Connected to Mongo Database
[2025-09-18 14:14:49] INFO: Connected to Mongo Database
[2025-09-18 14:14:53] INFO: Connected to Mongo Database
[2025-09-18 14:15:00] INFO: Connected to Mongo Database
[2025-09-18 14:15:11] INFO: Connected to Mongo Database
[2025-09-18 14:15:14] INFO: Connected to Mongo Database
[2025-09-18 14:15:24] INFO: Connected to Mongo Database
[2025-09-18 14:15:29] INFO: Connected to Mongo Database
[2025-09-18 14:15:33] INFO: Connected to Mongo Database
[2025-09-18 14:15:37] INFO: Connected to Mongo Database
[2025-09-18 14:15:38] INFO: Connected to Mongo Database
[2025-09-18 14:15:41] INFO: Connected to Mongo Database
[2025-09-18 14:15:48] INFO: Connected to Mongo Database
[2025-09-18 14:15:56] INFO: Connected to Mongo Database
[2025-09-18 14:15:57] INFO: Connected to Mongo Database
[2025-09-18 14:16:02] INFO: Connected to Mongo Database
[2025-09-18 14:16:07] INFO: Connected to Mongo Database
[2025-09-18 14:16:23] INFO: Connected to Mongo Database
[2025-09-18 14:16:27] INFO: Connected to Mongo Database
[2025-09-18 14:16:34] INFO: Connected to Mongo Database
[2025-09-18 14:16:40] INFO: Connected to Mongo Database
[2025-09-18 14:16:44] INFO: Connected to Mongo Database
[2025-09-18 14:16:45] INFO: Connected to Mongo Database
[2025-09-18 14:16:51] INFO: Connected to Mongo Database
[2025-09-18 14:17:00] INFO: Connected to Mongo Database
[2025-09-18 14:17:03] INFO: Connected to Mongo Database
[2025-09-18 14:17:08] INFO: Connected to Mongo Database
[2025-09-19 11:31:48] INFO: Connected to Mongo Database
[2025-09-19 11:31:53] WARN: User with the email sahil@gmail.com already exists in the system
[2025-09-19 11:31:58] INFO: HAshing user password
[2025-09-19 11:32:20] INFO: HAshing user password
[2025-09-19 11:32:33] INFO: Connected to Mongo Database
[2025-09-19 11:33:11] INFO: Connected to Mongo Database
[2025-09-19 11:33:13] INFO: Connected to Mongo Database
[2025-09-19 11:33:57] INFO: Connected to Mongo Database
[2025-09-19 11:34:03] INFO: Connected to Mongo Database
[2025-09-19 11:34:21] INFO: Connected to Mongo Database
[2025-09-19 11:34:30] INFO: Connected to Mongo Database
[2025-09-19 11:34:45] INFO: Connected to Mongo Database
[2025-09-19 11:34:47] INFO: Connected to Mongo Database
[2025-09-19 11:34:51] INFO: Connected to Mongo Database
[2025-09-19 11:35:13] INFO: Connected to Mongo Database
[2025-09-19 11:35:16] INFO: Connected to Mongo Database
[2025-09-19 11:35:18] INFO: Connected to Mongo Database
[2025-09-19 11:35:28] INFO: Connected to Mongo Database
[2025-09-19 11:35:33] INFO: Connected to Mongo Database
[2025-09-19 11:35:46] INFO: Connected to Mongo Database
[2025-09-19 11:35:48] WARN: Incorrect password for email sahil2@gmail.com
[2025-09-19 11:36:20] INFO: HAshing user password
[2025-09-19 11:36:28] WARN: Incorrect password for email test@gmail.com
[2025-09-19 11:36:59] INFO: Connected to Mongo Database
[2025-09-19 11:37:02] WARN: Incorrect password for email test@gmail.com
[2025-09-19 11:37:19] INFO: Connected to Mongo Database
[2025-09-19 11:37:49] INFO: Connected to Mongo Database
[2025-09-19 11:37:54] INFO: Connected to Mongo Database
[2025-09-19 11:38:09] INFO: Connected to Mongo Database
[2025-09-19 11:38:47] INFO: Connected to Mongo Database
[2025-09-19 11:39:06] INFO: Connected to Mongo Database
[2025-09-19 11:39:20] INFO: Connected to Mongo Database
[2025-09-19 11:39:23] INFO: Connected to Mongo Database
[2025-09-19 11:39:33] INFO: Connected to Mongo Database
[2025-09-19 11:55:40] INFO: Connected to Mongo Database
[2025-09-19 11:56:34] INFO: Attempting to shorten the URL
[2025-09-19 11:56:56] INFO: Connected to Mongo Database
[2025-09-19 11:56:58] INFO: The long URL https://www.youtube.com was already shortened earlier
[2025-09-19 11:57:04] INFO: Connected to Mongo Database
[2025-09-19 11:58:14] INFO: Parsing the user agent object
[2025-09-19 11:58:14] INFO: URL analytics saved
[2025-09-19 11:58:14] INFO: Redirecting into original URL https://www.youtube.com
[2025-09-19 11:58:42] INFO: Connected to Mongo Database
[2025-09-19 11:59:14] INFO: Connected to Mongo Database
[2025-09-19 12:00:34] WARN: The -5xe- is not oned by user 68ccee68274174da4e6dec4e
[2025-09-19 13:49:32] INFO: Connected to Mongo Database
[2025-09-19 14:07:32] INFO: Connected to Mongo Database
[2025-09-19 14:19:51] INFO: Connected to Mongo Database
[2025-09-19 14:19:57] INFO: Connected to Mongo Database
[2025-09-19 14:20:00] INFO: Connected to Mongo Database
[2025-09-19 14:20:55] INFO: Connected to Mongo Database
[2025-09-19 14:21:01] INFO: Connected to Mongo Database
[2025-09-19 14:21:09] INFO: Connected to Mongo Database
[2025-09-19 14:21:11] INFO: Connected to Mongo Database
[2025-09-19 14:21:23] INFO: Connected to Mongo Database
[2025-09-19 14:21:28] INFO: Connected to Mongo Database
[2025-09-19 14:21:36] INFO: Connected to Mongo Database
[2025-09-19 14:21:39] INFO: Connected to Mongo Database
[2025-09-19 14:21:45] INFO: Connected to Mongo Database
[2025-09-19 14:21:49] INFO: Connected to Mongo Database
[2025-09-19 14:21:55] INFO: Connected to Mongo Database
[2025-09-19 14:21:59] INFO: Connected to Mongo Database
[2025-09-19 14:22:05] INFO: Connected to Mongo Database
[2025-09-19 14:22:11] INFO: Connected to Mongo Database
[2025-09-19 14:22:14] INFO: Connected to Mongo Database
[2025-09-19 14:24:39] INFO: Connected to Mongo Database
[2025-09-19 14:25:59] INFO: Connected to Mongo Database
[2025-09-19 14:26:05] INFO: Connected to Mongo Database
[2025-09-19 14:40:51] INFO: Connected to Mongo Database
